# JRE version: OpenJDK Runtime Environment (17.0.11) (build 17.0.11+0--11852314)
# Java VM: OpenJDK 64-Bit Server VM (17.0.11+0--11852314, mixed mode, tiered, compressed oops, compressed class ptrs, g1 gc, windows-amd64)
GC Precious Log:
 CPUs: 8 total, 8 available
 Memory: 16167M
 Large Page Support: Disabled
 NUMA Support: Disabled
 Compressed Oops: Enabled (32-bit)
 Heap Region Size: 1M
 Heap Min Capacity: 8M
 Heap Initial Capacity: 254M
 Heap Max Capacity: 2G
 Pre-touch: Disabled
 Parallel Workers: 8
 Concurrent Workers: 2
 Concurrent Refinement Workers: 8
 Periodic GC: Disabled
Heap:
 garbage-first heap   total 220160K, used 178165K [0x0000000080000000, 0x0000000100000000)
  region size 1024K, 32 young (32768K), 6 survivors (6144K)
 Metaspace       used 121317K, committed 122304K, reserved 1179648K
  class space    used 16321K, committed 16768K, reserved 1048576K
GC Heap History (20 events):
Event: 24.001 GC heap before
{Heap before GC invocations=51 (full 0):
 garbage-first heap   total 172032K, used 154026K [0x0000000080000000, 0x0000000100000000)
  region size 1024K, 35 young (35840K), 4 survivors (4096K)
 Metaspace       used 97782K, committed 98560K, reserved 1179648K
  class space    used 13411K, committed 13760K, reserved 1048576K
}
Event: 24.004 GC heap after
{Heap after GC invocations=52 (full 0):
 garbage-first heap   total 172032K, used 127002K [0x0000000080000000, 0x0000000100000000)
  region size 1024K, 5 young (5120K), 5 survivors (5120K)
 Metaspace       used 97782K, committed 98560K, reserved 1179648K
  class space    used 13411K, committed 13760K, reserved 1048576K
}
Event: 24.839 GC heap before
{Heap before GC invocations=53 (full 0):
 garbage-first heap   total 220160K, used 146458K [0x0000000080000000, 0x0000000100000000)
  region size 1024K, 21 young (21504K), 5 survivors (5120K)
 Metaspace       used 99336K, committed 100096K, reserved 1179648K
  class space    used 13666K, committed 14016K, reserved 1048576K
}
Event: 24.844 GC heap after
{Heap after GC invocations=54 (full 0):
 garbage-first heap   total 220160K, used 132078K [0x0000000080000000, 0x0000000100000000)
  region size 1024K, 2 young (2048K), 2 survivors (2048K)
 Metaspace       used 99336K, committed 100096K, reserved 1179648K
  class space    used 13666K, committed 14016K, reserved 1048576K
}
Event: 24.978 GC heap before
{Heap before GC invocations=54 (full 0):
 garbage-first heap   total 220160K, used 140270K [0x0000000080000000, 0x0000000100000000)
  region size 1024K, 10 young (10240K), 2 survivors (2048K)
 Metaspace       used 99617K, committed 100480K, reserved 1179648K
  class space    used 13704K, committed 14080K, reserved 1048576K
}
Event: 24.982 GC heap after
{Heap after GC invocations=55 (full 0):
 garbage-first heap   total 220160K, used 131968K [0x0000000080000000, 0x0000000100000000)
  region size 1024K, 1 young (1024K), 1 survivors (1024K)
 Metaspace       used 99617K, committed 100480K, reserved 1179648K
  class space    used 13704K, committed 14080K, reserved 1048576K
}
Event: 26.043 GC heap before
{Heap before GC invocations=55 (full 0):
 garbage-first heap   total 220160K, used 173952K [0x0000000080000000, 0x0000000100000000)
  region size 1024K, 38 young (38912K), 1 survivors (1024K)
 Metaspace       used 105808K, committed 106560K, reserved 1179648K
  class space    used 14453K, committed 14784K, reserved 1048576K
}
Event: 26.045 GC heap after
{Heap after GC invocations=56 (full 0):
 garbage-first heap   total 220160K, used 136767K [0x0000000080000000, 0x0000000100000000)
  region size 1024K, 3 young (3072K), 3 survivors (3072K)
 Metaspace       used 105808K, committed 106560K, reserved 1179648K
  class space    used 14453K, committed 14784K, reserved 1048576K
}
Event: 26.742 GC heap before
{Heap before GC invocations=56 (full 0):
 garbage-first heap   total 220160K, used 174655K [0x0000000080000000, 0x0000000100000000)
  region size 1024K, 40 young (40960K), 3 survivors (3072K)
 Metaspace       used 108672K, committed 109504K, reserved 1179648K
  class space    used 14921K, committed 15296K, reserved 1048576K
}
Event: 26.744 GC heap after
{Heap after GC invocations=57 (full 0):
 garbage-first heap   total 220160K, used 138074K [0x0000000080000000, 0x0000000100000000)
  region size 1024K, 4 young (4096K), 4 survivors (4096K)
 Metaspace       used 108672K, committed 109504K, reserved 1179648K
  class space    used 14921K, committed 15296K, reserved 1048576K
}
Event: 27.436 GC heap before
{Heap before GC invocations=57 (full 0):
 garbage-first heap   total 220160K, used 182106K [0x0000000080000000, 0x0000000100000000)
  region size 1024K, 42 young (43008K), 4 survivors (4096K)
 Metaspace       used 113250K, committed 114176K, reserved 1179648K
  class space    used 15451K, committed 15872K, reserved 1048576K
}
Event: 27.439 GC heap after
{Heap after GC invocations=58 (full 0):
 garbage-first heap   total 220160K, used 141415K [0x0000000080000000, 0x0000000100000000)
  region size 1024K, 6 young (6144K), 6 survivors (6144K)
 Metaspace       used 113250K, committed 114176K, reserved 1179648K
  class space    used 15451K, committed 15872K, reserved 1048576K
}
Event: 28.240 GC heap before
{Heap before GC invocations=58 (full 0):
 garbage-first heap   total 220160K, used 179303K [0x0000000080000000, 0x0000000100000000)
  region size 1024K, 44 young (45056K), 6 survivors (6144K)
 Metaspace       used 115056K, committed 115904K, reserved 1179648K
  class space    used 15583K, committed 16000K, reserved 1048576K
}
Event: 28.245 GC heap after
{Heap after GC invocations=59 (full 0):
 garbage-first heap   total 220160K, used 143077K [0x0000000080000000, 0x0000000100000000)
  region size 1024K, 5 young (5120K), 5 survivors (5120K)
 Metaspace       used 115056K, committed 115904K, reserved 1179648K
  class space    used 15583K, committed 16000K, reserved 1048576K
}
Event: 29.040 GC heap before
{Heap before GC invocations=59 (full 0):
 garbage-first heap   total 220160K, used 181989K [0x0000000080000000, 0x0000000100000000)
  region size 1024K, 44 young (45056K), 5 survivors (5120K)
 Metaspace       used 116320K, committed 117184K, reserved 1179648K
  class space    used 15732K, committed 16128K, reserved 1048576K
}
Event: 29.044 GC heap after
{Heap after GC invocations=60 (full 0):
 garbage-first heap   total 220160K, used 146143K [0x0000000080000000, 0x0000000100000000)
  region size 1024K, 6 young (6144K), 6 survivors (6144K)
 Metaspace       used 116320K, committed 117184K, reserved 1179648K
  class space    used 15732K, committed 16128K, reserved 1048576K
}
Event: 30.421 GC heap before
{Heap before GC invocations=60 (full 0):
 garbage-first heap   total 220160K, used 184031K [0x0000000080000000, 0x0000000100000000)
  region size 1024K, 43 young (44032K), 6 survivors (6144K)
 Metaspace       used 119045K, committed 119936K, reserved 1179648K
  class space    used 16043K, committed 16448K, reserved 1048576K
}
Event: 30.426 GC heap after
{Heap after GC invocations=61 (full 0):
 garbage-first heap   total 220160K, used 149082K [0x0000000080000000, 0x0000000100000000)
  region size 1024K, 6 young (6144K), 6 survivors (6144K)
 Metaspace       used 119045K, committed 119936K, reserved 1179648K
  class space    used 16043K, committed 16448K, reserved 1048576K
}
Event: 37.864 GC heap before
{Heap before GC invocations=61 (full 0):
 garbage-first heap   total 220160K, used 185946K [0x0000000080000000, 0x0000000100000000)
  region size 1024K, 42 young (43008K), 6 survivors (6144K)
 Metaspace       used 120170K, committed 121024K, reserved 1179648K
  class space    used 16148K, committed 16576K, reserved 1048576K
}
Event: 37.869 GC heap after
{Heap after GC invocations=62 (full 0):
 garbage-first heap   total 220160K, used 153589K [0x0000000080000000, 0x0000000100000000)
  region size 1024K, 6 young (6144K), 6 survivors (6144K)
 Metaspace       used 120170K, committed 121024K, reserved 1179648K
  class space    used 16148K, committed 16576K, reserved 1048576K
}

